Arguments: 
  C:\Program Files\nodejs\node.exe C:\Users\erikh\AppData\Roaming\npm\node_modules\yarn\bin\yarn.js

PATH: 
  C:\Python27\;C:\Python27\Scripts;C:\Program Files (x86)\Intel\iCLS Client\;C:\Program Files\Intel\iCLS Client\;C:\WINDOWS\system32;C:\WINDOWS;C:\WINDOWS\System32\Wbem;C:\WINDOWS\System32\WindowsPowerShell\v1.0\;C:\Program Files\Intel\WiFi\bin\;C:\Program Files\Common Files\Intel\WirelessCommon\;C:\Program Files (x86)\Intel\Intel(R) Management Engine Components\DAL;C:\Program Files\Intel\Intel(R) Management Engine Components\DAL;C:\Program Files (x86)\Intel\Intel(R) Management Engine Components\IPT;C:\Program Files\Intel\Intel(R) Management Engine Components\IPT;C:\WINDOWS\System32\OpenSSH\;C:\ProgramData\chocolatey\bin;C:\Program Files\Git\cmd;C:\Program Files\Mullvad VPN\resources;C:\Program Files\nodejs\;C:\Users\erikh\AppData\Local\pnpm;C:\Users\erikh\AppData\Local\Microsoft\WindowsApps;C:\Users\erikh\AppData\Local\Programs\Microsoft VS Code\bin;C:\Program Files\JetBrains\WebStorm 2022.3.4\bin;;C:\Users\erikh\AppData\Roaming\npm

Yarn version: 
  1.22.19

Node version: 
  20.11.0

Platform: 
  win32 x64

Trace: 
  Error: EPERM: operation not permitted, unlink 'C:\Users\erikh\brorsapp\node_modules\next\dist\compiled\react-server-dom-webpack-experimental\cjs\react-server-dom-webpack-server.node.production.js'

npm manifest: 
  {
    "name": "brorsapp",
    "version": "0.1.0",
    "private": true,
    "scripts": {
      "dev": "next dev --turbopack",
      "build": "next build",
      "start": "next start",
      "lint": "next lint"
    },
    "dependencies": {
      "react": "^19.0.0",
      "react-dom": "^19.0.0",
      "next": "15.1.7"
    }
  }

yarn manifest: 
  No manifest

Lockfile: 
  No lockfile
